0 rss=43620
0 rss=1957188
2351 rss=4852244
20987 rss=7207112
28669 rss=7550072
28669 rss=7550072
28669 rss=7550072
28669 rss=7550072
28669 rss=7550072
28669 rss=7550072
28669 rss=7550072
28669 rss=7550072
28669 rss=7550072
28669 rss=7550072
28669 rss=7550072
28669 rss=7550072
28669 rss=7550072
28669 rss=7550072
28669 rss=7550072
28669 rss=7550072
28669 rss=7550072
28669 rss=7550072
28669 rss=7550072
28669 rss=7550072
28669 rss=7550072
28669 rss=7550072
28669 rss=7550072
28669 rss=7550072
28669 rss=7550072
28669 rss=7550072
28669 rss=7550072
28669 rss=7550072
28669 rss=7550072
28669 rss=7550072
28669 rss=7550072
28669 rss=7550072
28669 rss=7550072
28669 rss=7550072
28669 rss=7550072
29176 rss=7550072
28669 rss=7550072
28669 rss=7550072
28669 rss=7550072
28669 rss=7550072
28669 rss=7550072
28669 rss=7550072
28669 rss=7550072
28669 rss=7550072
28669 rss=7550072
28669 rss=7550072
28669 rss=7550072
28669 rss=7550072
28669 rss=7550072
28669 rss=7550072
28669 rss=7550072
28669 rss=7550072
28669 rss=7550072
28669 rss=7550072
28669 rss=7550072
28669 rss=7550072
28669 rss=7550072
28669 rss=7550072
28669 rss=7550072
28669 rss=7550072
28669 rss=7550072
28669 rss=7550264
28669 rss=7196632
28669 rss=7316612
