1782943765.008732357 0, 0, 9.99 rss=49652
1782943766.055402343 0, 0, 9.83 rss=1921740
1782943767.104018341 2351, 4, 15.45 rss=4618964
1782943768.149817574 8883, 0, 62.12 rss=10911972
1782943769.196495762 28861, 100, 390.71 rss=11671304
1782943770.250262231 28861, 37, 511.26 rss=11643208
1782943771.352260091 28861, 99, 468.81 rss=11643208
1782943772.397799528 28861, 100, 484.82 rss=11643208
1782943773.450668654 28861, 100, 488.11 rss=11643208
1782943774.492839847 28861, 100, 459.98 rss=11643208
1782943775.537823318 28861, 53, 515.02 rss=11546952
1782943776.583895988 28861, 100, 468.72 rss=11643208
1782943777.678991193 28861, 74, 508.02 rss=11643208
1782943778.772554233 28861, 100, 496.03 rss=11643208
1782943779.820398053 28861, 100, 492.22 rss=11643208
1782943780.867137834 28861, 100, 517.95 rss=11643208
1782943781.970559479 28861, 100, 473.98 rss=11643208
1782943783.062588009 28861, 55, 489.08 rss=11546952
1782943784.108686877 28861, 99, 468.77 rss=11643208
1782943785.157631162 28861, 100, 481.15 rss=11643208
1782943786.262357376 28861, 100, 486.41 rss=11643208
1782943787.307556267 28861, 100, 467.83 rss=11643208
1782943788.352556242 28861, 81, 511.32 rss=11643208
1782943789.399982923 28861, 99, 477.36 rss=11643208
1782943790.462462045 28861, 100, 480.73 rss=11546952
1782943791.511243569 28861, 62, 515.03 rss=11643208
1782943792.562819944 28861, 100, 485.17 rss=11643208
1782943793.669135789 28861, 100, 520.98 rss=11643208
1782943794.712913138 28861, 100, 468.73 rss=11643208
1782943795.759689092 28861, 53, 488.81 rss=11643208
1782943796.807720831 28861, 99, 486.78 rss=11643208
1782943797.864917306 28861, 100, 466.51 rss=11546952
1782943798.919654607 28861, 100, 510.70 rss=11643208
1782943799.983891000 28861, 100, 475.66 rss=11643208
1782943801.081067067 28861, 87, 493.64 rss=11643208
1782943802.126617690 28861, 99, 476.99 rss=11643208
1782943803.174821165 28861, 100, 480.17 rss=11643208
1782943804.276754559 28861, 71, 505.91 rss=11643208
1782943805.358719459 28861, 95, 485.70 rss=11643208
1782943806.678193496 28861, 99, 516.39 rss=11616584
1782943807.725450315 28861, 100, 475.05 rss=11546952
1782943808.778671784 28861, 59, 500.77 rss=11643208
1782943809.870040664 28861, 100, 476.02 rss=11643208
1782943810.912737348 28861, 100, 477.45 rss=11643208
1782943811.960345408 28861, 100, 516.08 rss=11643208
1782943813.006450936 28861, 100, 473.16 rss=11643208
1782943814.067137295 28861, 51, 491.54 rss=11546952
1782943815.118233467 28861, 100, 462.16 rss=11643208
1782943816.179611804 28861, 100, 491.88 rss=11643208
1782943817.285108321 28861, 100, 473.36 rss=11643208
1782943818.333119030 28861, 100, 475.69 rss=11643208
1782943819.383279882 28861, 47, 511.13 rss=11643208
1782943820.486100945 28861, 100, 463.70 rss=11643208
1782943821.557282686 28861, 100, 493.66 rss=11546952
1782943822.605774949 28861, 100, 471.62 rss=11643208
1782943823.671774081 28861, 47, 495.49 rss=11643208
1782943824.769225727 28861, 100, 474.14 rss=11643208
1782943825.815629208 28861, 100, 472.90 rss=11643208
1782943826.865705645 28861, 100, 510.60 rss=11643208
1782943827.968466619 28861, 100, 475.17 rss=11643208
1782943829.017731971 28861, 54, 493.18 rss=11546952
1782943830.063836297 28861, 100, 504.62 rss=11643208
1782943831.115012107 28861, 100, 488.42 rss=11643208
1782943832.181281380 28861, 100, 476.61 rss=11643208
1782943833.248615695 28861, 100, 471.33 rss=11643208
1782943834.292197994 28861, 46, 514.48 rss=11643208
1782943835.393538428 28861, 100, 470.62 rss=11598152
1782943836.440297527 28861, 100, 491.33 rss=11643208
1782943837.487859599 28861, 100, 499.82 rss=11643208
1782943838.595935238 28861, 100, 474.19 rss=11643400
1782943839.640728877 28861, 0, 426.02 rss=11649984
1782943840.686650662 28861, 0, 91.90 rss=7706596
